2025-08-16 15:40:52 [error]: ERROR 406 Harap diisi terlebih dahulu! - URL: POST /api/auth/user/register ERROR_SERVER: 
2025-08-16 15:41:50 [error]: ERROR 406 Nomor telepon hanya boleh berisi angka - URL: POST /api/auth/user/register ERROR_SERVER: 
2025-08-16 15:41:57 [error]: ERROR 400 Email tidak terdaftar/tidak valid - URL: POST /api/auth/user/register ERROR_SERVER: 
2025-08-16 15:42:55 [error]: ERROR 500 undefined - URL: POST /api/auth/user/register ERROR_SERVER: connect ETIMEDOUT 103.163.138.73:587
2025-08-16 15:43:44 [error]: ERROR 500 undefined - URL: POST /api/auth/user/register ERROR_SERVER: connect ETIMEDOUT 103.163.138.73:587
2025-08-16 16:03:23 [error]: ERROR 400 User sudah terdaftar - URL: POST /api/auth/user/register ERROR_SERVER: 
2025-08-16 17:05:09 [error]: ERROR 401 Email yang anda masukan salah atau tidak ada - URL: POST /api//auth/user/login ERROR_SERVER: 
2025-08-16 17:08:56 [error]: ERROR 401 Anda tidak dapat masuk diluar jam kerja - URL: POST /api/auth/worker/login ERROR_SERVER: 
2025-08-16 17:11:31 [error]: ERROR 406 Harap login terlebih dahulu - URL: GET /api/order/order-ironing?tab=proses-setrika ERROR_SERVER: 
2025-08-16 17:11:31 [error]: ERROR 406 Harap login terlebih dahulu - URL: GET /api/order/order-ironing?tab=belum-disetrika ERROR_SERVER: 
2025-08-16 17:26:45 [error]: ERROR 401 Password anda salah! - URL: POST /api//auth/user/login ERROR_SERVER: 
2025-08-16 17:46:14 [error]: ERROR 400 Link sudah tidak berlaku - URL: POST /api/auth/user/set-password ERROR_SERVER: 
2025-08-16 17:48:47 [error]: ERROR 406 Harap login terlebih dahulu - URL: GET /api/order/order-washing?tab=in-washing ERROR_SERVER: 
2025-08-16 17:48:47 [error]: ERROR 406 Harap login terlebih dahulu - URL: GET /api/order/order-washing?tab=not-washed ERROR_SERVER: 
2025-08-16 17:49:22 [error]: ERROR 406 Harap login terlebih dahulu - URL: GET /api/order/order-washing?tab=in-washing ERROR_SERVER: 
2025-08-16 17:49:22 [error]: ERROR 406 Harap login terlebih dahulu - URL: GET /api/order/order-washing?tab=not-washed ERROR_SERVER: 
2025-08-16 18:10:45 [error]: ERROR 406 Harap login terlebih dahulu - URL: GET /api/worker ERROR_SERVER: 
2025-08-16 18:10:55 [error]: ERROR 406 Harap login terlebih dahulu - URL: GET /api/worker ERROR_SERVER: 
2025-08-16 18:12:04 [error]: ERROR 406 Harap login terlebih dahulu - URL: GET /api/worker ERROR_SERVER: 
2025-08-16 19:21:05 [error]: ERROR 406 Harap login terlebih dahulu - URL: GET /api/order/history-user?tab=waiting-payment ERROR_SERVER: 
2025-08-16 19:21:05 [error]: ERROR 406 Harap login terlebih dahulu - URL: GET /api/order/notification?tab=user ERROR_SERVER: 
2025-08-16 19:21:05 [error]: ERROR 406 Harap login terlebih dahulu - URL: GET /api/order/tracking-user?period=today ERROR_SERVER: 
2025-08-16 19:22:08 [error]: ERROR 500 Alamat utama tidak ditemukan - URL: GET /api/user/main-address ERROR_SERVER: 
2025-08-16 19:22:08 [error]: ERROR 404 User belum menambahkan alamat - URL: GET /api/user/all-address ERROR_SERVER: 
2025-08-16 19:22:08 [error]: ERROR 404 Alamat utama tidak ditemukan - URL: GET /api/order/nearest-store ERROR_SERVER: 
2025-08-16 19:22:09 [error]: ERROR 500 Alamat utama tidak ditemukan - URL: GET /api/user/main-address ERROR_SERVER: 
2025-08-16 19:22:09 [error]: ERROR 404 User belum menambahkan alamat - URL: GET /api/user/all-address ERROR_SERVER: 
2025-08-16 19:22:09 [error]: ERROR 404 Alamat utama tidak ditemukan - URL: GET /api/order/nearest-store ERROR_SERVER: 
2025-08-16 19:22:11 [error]: ERROR 500 Alamat utama tidak ditemukan - URL: GET /api/user/main-address ERROR_SERVER: 
2025-08-16 19:22:11 [error]: ERROR 404 User belum menambahkan alamat - URL: GET /api/user/all-address ERROR_SERVER: 
2025-08-16 19:22:11 [error]: ERROR 404 Alamat utama tidak ditemukan - URL: GET /api/order/nearest-store ERROR_SERVER: 
2025-08-16 19:22:15 [error]: ERROR 500 Alamat utama tidak ditemukan - URL: GET /api/user/main-address ERROR_SERVER: 
2025-08-16 19:22:15 [error]: ERROR 404 User belum menambahkan alamat - URL: GET /api/user/all-address ERROR_SERVER: 
2025-08-16 19:22:15 [error]: ERROR 404 Alamat utama tidak ditemukan - URL: GET /api/order/nearest-store ERROR_SERVER: 
2025-08-16 19:22:23 [error]: ERROR 404 User belum menambahkan alamat - URL: GET /api/user/all-address ERROR_SERVER: 
2025-08-16 19:22:23 [error]: ERROR 500 Alamat utama tidak ditemukan - URL: GET /api/user/main-address ERROR_SERVER: 
2025-08-16 19:22:44 [error]: ERROR 404 User belum menambahkan alamat - URL: GET /api/user/all-address?search= ERROR_SERVER: 
2025-08-16 19:22:45 [error]: ERROR 404 User belum menambahkan alamat - URL: GET /api/user/all-address?search= ERROR_SERVER: 
2025-08-16 19:22:47 [error]: ERROR 404 User belum menambahkan alamat - URL: GET /api/user/all-address?search= ERROR_SERVER: 
2025-08-16 19:22:51 [error]: ERROR 404 User belum menambahkan alamat - URL: GET /api/user/all-address?search= ERROR_SERVER: 
2025-08-16 19:53:03 [error]: ERROR 410 undefined - URL: GET /api/order/province ERROR_SERVER: Request failed with status code 410
2025-08-16 20:15:05 [error]: ERROR 410 undefined - URL: GET /api/order/province ERROR_SERVER: Request failed with status code 410
2025-08-16 20:15:06 [error]: ERROR 410 undefined - URL: GET /api/order/province ERROR_SERVER: Request failed with status code 410
2025-08-16 20:15:08 [error]: ERROR 410 undefined - URL: GET /api/order/province ERROR_SERVER: Request failed with status code 410
2025-08-16 20:15:13 [error]: ERROR 410 undefined - URL: GET /api/order/province ERROR_SERVER: Request failed with status code 410
2025-08-16 20:16:16 [error]: ERROR 410 undefined - URL: GET /api/order/province ERROR_SERVER: Request failed with status code 410
2025-08-16 20:16:19 [error]: ERROR 410 undefined - URL: GET /api/order/province ERROR_SERVER: Request failed with status code 410
2025-08-16 20:16:23 [error]: ERROR 410 undefined - URL: GET /api/order/province ERROR_SERVER: Request failed with status code 410
2025-08-16 22:30:41 [error]: ERROR 406 Harap login terlebih dahulu - URL: GET /api/user/address/23 ERROR_SERVER: 
2025-08-16 22:43:45 [error]: ERROR 404 User belum menambahkan alamat - URL: GET /api/user/all-address?search=asd ERROR_SERVER: 
2025-08-16 22:43:46 [error]: ERROR 404 User belum menambahkan alamat - URL: GET /api/user/all-address?search=asd ERROR_SERVER: 
2025-08-16 22:43:48 [error]: ERROR 404 User belum menambahkan alamat - URL: GET /api/user/all-address?search=asd ERROR_SERVER: 
2025-08-16 22:43:52 [error]: ERROR 404 User belum menambahkan alamat - URL: GET /api/user/all-address?search=asd ERROR_SERVER: 
2025-08-16 22:43:53 [error]: ERROR 404 User belum menambahkan alamat - URL: GET /api/user/all-address?search=asd ERROR_SERVER: 
2025-08-16 22:43:55 [error]: ERROR 404 User belum menambahkan alamat - URL: GET /api/user/all-address?search=asd ERROR_SERVER: 
2025-08-16 22:43:59 [error]: ERROR 404 User belum menambahkan alamat - URL: GET /api/user/all-address?search=asd ERROR_SERVER: 
2025-08-16 22:44:04 [error]: ERROR 404 User belum menambahkan alamat - URL: GET /api/user/all-address?search=asd ERROR_SERVER: 
2025-08-16 22:44:05 [error]: ERROR 404 User belum menambahkan alamat - URL: GET /api/user/all-address?search=asd ERROR_SERVER: 
2025-08-16 22:44:07 [error]: ERROR 404 User belum menambahkan alamat - URL: GET /api/user/all-address?search=asd ERROR_SERVER: 
2025-08-16 22:44:11 [error]: ERROR 404 User belum menambahkan alamat - URL: GET /api/user/all-address?search=asd ERROR_SERVER: 
2025-08-16 22:44:40 [error]: ERROR 404 User belum menambahkan alamat - URL: GET /api/user/all-address?search=asd ERROR_SERVER: 
2025-08-16 22:53:33 [error]: ERROR 404 User belum menambahkan alamat - URL: GET /api/user/all-address?search=ciaahhh ERROR_SERVER: 
2025-08-16 22:53:34 [error]: ERROR 404 User belum menambahkan alamat - URL: GET /api/user/all-address?search=ciaahhh ERROR_SERVER: 
2025-08-16 22:53:48 [error]: ERROR 404 User belum menambahkan alamat - URL: GET /api/user/all-address?search=ciaahhh ERROR_SERVER: 
2025-08-16 22:53:52 [error]: ERROR 404 User belum menambahkan alamat - URL: GET /api/user/all-address?search=ciaahhh ERROR_SERVER: 
2025-08-16 22:53:53 [error]: ERROR 404 User belum menambahkan alamat - URL: GET /api/user/all-address?search=ciaahhh ERROR_SERVER: 
2025-08-16 22:54:33 [error]: ERROR 404 User belum menambahkan alamat - URL: GET /api/user/all-address?search=ciaahhh ERROR_SERVER: 
2025-08-16 22:59:03 [error]: ERROR 404 User belum menambahkan alamat - URL: GET /api/user/all-address?search=asd ERROR_SERVER: 
2025-08-16 22:59:03 [error]: ERROR 404 User belum menambahkan alamat - URL: GET /api/user/all-address?search=asd ERROR_SERVER: 
2025-08-16 22:59:13 [error]: ERROR 404 User belum menambahkan alamat - URL: GET /api/user/all-address?search=ashuu ERROR_SERVER: 
2025-08-16 22:59:13 [error]: ERROR 404 User belum menambahkan alamat - URL: GET /api/user/all-address?search=ashuu ERROR_SERVER: 
2025-08-16 22:59:19 [error]: ERROR 400 Alamat utama tidak dapat dihapus karena setidaknya satu alamat diperlukan sebagai alamat utama - URL: DELETE /api/user/address/23 ERROR_SERVER: 
2025-08-16 22:59:38 [error]: ERROR 406 Ini adalah alamat utama anda - URL: PATCH /api/user/main-address/23 ERROR_SERVER: 
2025-08-16 22:59:42 [error]: ERROR 500 undefined - URL: GET /api/order/nearest-store ERROR_SERVER: 
Invalid `prisma.$queryRaw()` invocation:


Raw query failed. Code: `1049`. Message: `Unknown database 'public'`
2025-08-16 22:59:43 [error]: ERROR 500 undefined - URL: GET /api/order/nearest-store ERROR_SERVER: 
Invalid `prisma.$queryRaw()` invocation:


Raw query failed. Code: `1049`. Message: `Unknown database 'public'`
2025-08-16 22:59:45 [error]: ERROR 500 undefined - URL: GET /api/order/nearest-store ERROR_SERVER: 
Invalid `prisma.$queryRaw()` invocation:


Raw query failed. Code: `1049`. Message: `Unknown database 'public'`
2025-08-16 22:59:49 [error]: ERROR 500 undefined - URL: GET /api/order/nearest-store ERROR_SERVER: 
Invalid `prisma.$queryRaw()` invocation:


Raw query failed. Code: `1049`. Message: `Unknown database 'public'`
2025-08-16 23:00:36 [error]: ERROR 500 undefined - URL: GET /api/order/nearest-store ERROR_SERVER: 
Invalid `prisma.$queryRaw()` invocation:


Raw query failed. Code: `1049`. Message: `Unknown database 'public'`
2025-08-16 23:00:37 [error]: ERROR 500 undefined - URL: GET /api/order/nearest-store ERROR_SERVER: 
Invalid `prisma.$queryRaw()` invocation:


Raw query failed. Code: `1049`. Message: `Unknown database 'public'`
2025-08-16 23:00:39 [error]: ERROR 500 undefined - URL: GET /api/order/nearest-store?address=24 ERROR_SERVER: 
Invalid `prisma.$queryRaw()` invocation:


Raw query failed. Code: `1049`. Message: `Unknown database 'public'`
2025-08-16 23:00:43 [error]: ERROR 500 undefined - URL: GET /api/order/nearest-store?address=24 ERROR_SERVER: 
Invalid `prisma.$queryRaw()` invocation:


Raw query failed. Code: `1049`. Message: `Unknown database 'public'`
2025-08-16 23:01:39 [error]: ERROR 500 undefined - URL: GET /api/order/nearest-store ERROR_SERVER: 
Invalid `prisma.$queryRaw()` invocation:


Raw query failed. Code: `1049`. Message: `Unknown database 'public'`
2025-08-16 23:01:40 [error]: ERROR 500 undefined - URL: GET /api/order/nearest-store ERROR_SERVER: 
Invalid `prisma.$queryRaw()` invocation:


Raw query failed. Code: `1049`. Message: `Unknown database 'public'`
2025-08-16 23:01:42 [error]: ERROR 500 undefined - URL: GET /api/order/nearest-store ERROR_SERVER: 
Invalid `prisma.$queryRaw()` invocation:


Raw query failed. Code: `1049`. Message: `Unknown database 'public'`
2025-08-16 23:01:46 [error]: ERROR 500 undefined - URL: GET /api/order/nearest-store ERROR_SERVER: 
Invalid `prisma.$queryRaw()` invocation:


Raw query failed. Code: `1049`. Message: `Unknown database 'public'`
2025-08-16 23:01:49 [error]: ERROR 500 undefined - URL: GET /api/order/nearest-store?address=25 ERROR_SERVER: 
Invalid `prisma.$queryRaw()` invocation:


Raw query failed. Code: `1049`. Message: `Unknown database 'public'`
2025-08-16 23:01:50 [error]: ERROR 500 undefined - URL: GET /api/order/nearest-store?address=25 ERROR_SERVER: 
Invalid `prisma.$queryRaw()` invocation:


Raw query failed. Code: `1049`. Message: `Unknown database 'public'`
2025-08-16 23:01:52 [error]: ERROR 500 undefined - URL: GET /api/order/nearest-store?address=25 ERROR_SERVER: 
Invalid `prisma.$queryRaw()` invocation:


Raw query failed. Code: `1049`. Message: `Unknown database 'public'`
2025-08-16 23:01:56 [error]: ERROR 500 undefined - URL: GET /api/order/nearest-store?address=25 ERROR_SERVER: 
Invalid `prisma.$queryRaw()` invocation:


Raw query failed. Code: `1049`. Message: `Unknown database 'public'`
2025-08-16 23:02:31 [error]: ERROR 500 undefined - URL: GET /api/order/nearest-store?address=25 ERROR_SERVER: 
Invalid `prisma.$queryRaw()` invocation:


Raw query failed. Code: `1049`. Message: `Unknown database 'public'`
2025-08-16 23:02:32 [error]: ERROR 500 undefined - URL: GET /api/order/nearest-store?address=25 ERROR_SERVER: 
Invalid `prisma.$queryRaw()` invocation:


Raw query failed. Code: `1049`. Message: `Unknown database 'public'`
2025-08-16 23:07:21 [error]: ERROR 500 undefined - URL: GET /api/order/nearest-store?address=25 ERROR_SERVER: 
Invalid `prisma.$queryRaw()` invocation:


Raw query failed. Code: `1049`. Message: `Unknown database 'public'`
2025-08-16 23:07:25 [error]: ERROR 500 undefined - URL: GET /api/order/nearest-store?address=25 ERROR_SERVER: 
Invalid `prisma.$queryRaw()` invocation:


Raw query failed. Code: `1049`. Message: `Unknown database 'public'`
2025-08-16 23:22:54 [error]: ERROR 500 undefined - URL: GET /api/order/nearest-store?address=25 ERROR_SERVER: 
Invalid `prisma.$queryRaw()` invocation:


Raw query failed. Code: `1064`. Message: `You have an error in your SQL syntax; check the manual that corresponds to your MySQL server version for the right syntax to use near '?.stores
    WHERE 
          "deletedAt" IS NULL AND -- Exclude deleted stores
' at line 17`
2025-08-16 23:22:55 [error]: ERROR 500 undefined - URL: GET /api/order/nearest-store?address=25 ERROR_SERVER: 
Invalid `prisma.$queryRaw()` invocation:


Raw query failed. Code: `1064`. Message: `You have an error in your SQL syntax; check the manual that corresponds to your MySQL server version for the right syntax to use near '?.stores
    WHERE 
          "deletedAt" IS NULL AND -- Exclude deleted stores
' at line 17`
2025-08-16 23:22:56 [error]: ERROR 500 undefined - URL: GET /api/order/nearest-store?address=25 ERROR_SERVER: 
Invalid `prisma.$queryRaw()` invocation:


Raw query failed. Code: `1064`. Message: `You have an error in your SQL syntax; check the manual that corresponds to your MySQL server version for the right syntax to use near '?.stores
    WHERE 
          "deletedAt" IS NULL AND -- Exclude deleted stores
' at line 17`
2025-08-16 23:22:57 [error]: ERROR 500 undefined - URL: GET /api/order/nearest-store?address=25 ERROR_SERVER: 
Invalid `prisma.$queryRaw()` invocation:


Raw query failed. Code: `1064`. Message: `You have an error in your SQL syntax; check the manual that corresponds to your MySQL server version for the right syntax to use near '?.stores
    WHERE 
          "deletedAt" IS NULL AND -- Exclude deleted stores
' at line 17`
2025-08-16 23:22:59 [error]: ERROR 500 undefined - URL: GET /api/order/nearest-store?address=25 ERROR_SERVER: 
Invalid `prisma.$queryRaw()` invocation:


Raw query failed. Code: `1064`. Message: `You have an error in your SQL syntax; check the manual that corresponds to your MySQL server version for the right syntax to use near '?.stores
    WHERE 
          "deletedAt" IS NULL AND -- Exclude deleted stores
' at line 17`
2025-08-16 23:23:10 [error]: ERROR 500 undefined - URL: GET /api/order/nearest-store?address=25 ERROR_SERVER: 
Invalid `prisma.$queryRaw()` invocation:


Raw query failed. Code: `1064`. Message: `You have an error in your SQL syntax; check the manual that corresponds to your MySQL server version for the right syntax to use near '?.stores
    WHERE 
          "deletedAt" IS NULL AND -- Exclude deleted stores
' at line 17`
2025-08-17 00:11:08 [error]: ERROR 401 Anda tidak dapat masuk diluar jam kerja - URL: POST /api/auth/worker/login ERROR_SERVER: 
2025-08-17 00:19:35 [error]: ERROR 404 User admin tidak tersedia - URL: POST /api/auth/worker/login ERROR_SERVER: 
2025-08-17 00:19:49 [error]: ERROR 401 Anda tidak dapat masuk diluar jam kerja - URL: POST /api/auth/worker/login ERROR_SERVER: 
2025-08-17 00:19:50 [error]: ERROR 401 Anda tidak dapat masuk diluar jam kerja - URL: POST /api/auth/worker/login ERROR_SERVER: 
2025-08-17 00:21:38 [error]: ERROR 400 Anda tidak dapat masuk diluar jam kerja - URL: POST /api/auth/worker/login ERROR_SERVER: 
2025-08-17 00:26:42 [error]: ERROR 400 Anda tidak dapat masuk diluar jam kerja - URL: POST /api/auth/worker/login ERROR_SERVER: 
2025-08-17 00:30:37 [error]: ERROR 400 Anda tidak dapat masuk diluar jam kerja - URL: POST /api/auth/worker/login ERROR_SERVER: 
2025-08-17 00:32:22 [error]: ERROR 401 Anda tidak dapat masuk diluar jam kerja - URL: POST /api/auth/worker/login ERROR_SERVER: 
2025-08-17 00:33:51 [error]: ERROR 401 Anda tidak dapat masuk diluar jam kerja - URL: POST /api/auth/worker/login ERROR_SERVER: 
2025-08-17 00:41:19 [error]: ERROR 401 Anda tidak dapat masuk diluar jam kerja - URL: POST /api/auth/worker/login ERROR_SERVER: 
2025-08-17 00:43:49 [error]: ERROR 500 undefined - URL: POST /api/auth/worker/login ERROR_SERVER: Invalid time value
2025-08-17 00:43:50 [error]: ERROR 500 undefined - URL: POST /api/auth/worker/login ERROR_SERVER: Invalid time value
2025-08-17 00:44:00 [error]: ERROR 404 User admin tidak tersedia - URL: POST /api/auth/worker/login ERROR_SERVER: 
2025-08-17 00:44:07 [error]: ERROR 500 undefined - URL: POST /api/auth/worker/login ERROR_SERVER: Invalid time value
2025-08-17 00:46:16 [error]: ERROR 401 Anda tidak dapat masuk diluar jam kerja - URL: POST /api/auth/worker/login ERROR_SERVER: 
2025-08-17 00:48:08 [error]: ERROR 401 Anda tidak dapat masuk diluar jam kerja - URL: POST /api/auth/worker/login ERROR_SERVER: 
2025-08-17 00:49:47 [error]: ERROR 406 Harap login terlebih dahulu - URL: GET /api/order/tracking?period=today ERROR_SERVER: 
2025-08-17 00:49:47 [error]: ERROR 406 Harap login terlebih dahulu - URL: GET /api/order/orders ERROR_SERVER: 
2025-08-17 00:49:47 [error]: ERROR 406 Harap login terlebih dahulu - URL: GET /api/order/notification?tab=admin ERROR_SERVER: 
2025-08-17 00:50:49 [error]: ERROR 401 Password anda salah! - URL: POST /api//auth/user/login ERROR_SERVER: 
2025-08-17 00:53:21 [error]: ERROR 406 Harap login terlebih dahulu - URL: GET /api/order/order?tab=AWAITING_DRIVER_PICKUP ERROR_SERVER: 
2025-08-17 00:53:21 [error]: ERROR 406 Harap login terlebih dahulu - URL: GET /api/order/delivery?tab=waiting-driver ERROR_SERVER: 
2025-08-17 00:53:21 [error]: ERROR 406 Harap login terlebih dahulu - URL: GET /api/order/notification?tab=driver ERROR_SERVER: 
2025-08-17 10:09:12 [error]: ERROR 401 Email yang anda masukan salah atau tidak ada - URL: POST /api//auth/user/login ERROR_SERVER: 
2025-08-17 10:09:21 [error]: ERROR 406 Harap login terlebih dahulu - URL: GET /api/order/tracking?period=today ERROR_SERVER: 
2025-08-17 10:09:21 [error]: ERROR 406 Harap login terlebih dahulu - URL: GET /api/order/orders ERROR_SERVER: 
2025-08-17 10:09:21 [error]: ERROR 406 Harap login terlebih dahulu - URL: GET /api/order/notification?tab=admin ERROR_SERVER: 
2025-08-17 10:14:55 [error]: ERROR 406 Harap login terlebih dahulu - URL: GET /api/order/orders-detail/ORD0257OA5R7724 ERROR_SERVER: 
2025-08-17 10:15:01 [error]: ERROR 406 Harap login terlebih dahulu - URL: GET /api/order/orders-detail/ORD0257OA5R7724 ERROR_SERVER: 
2025-08-17 10:15:55 [error]: ERROR 406 Harap login terlebih dahulu - URL: GET /api/order/orders-detail/ORD0257OA5R7724 ERROR_SERVER: 
2025-08-17 10:15:57 [error]: ERROR 406 Harap login terlebih dahulu - URL: GET /api/order/orders-detail/ORD0257OA5R7724 ERROR_SERVER: 
2025-08-17 10:16:48 [error]: ERROR 406 Harap login terlebih dahulu - URL: GET /api/order/orders-detail/ORD0257OA5R7724 ERROR_SERVER: 
2025-08-17 10:18:17 [error]: ERROR 400 Kamu sedang melakukan pesanan, tidak dapat menghapus alamat - URL: DELETE /api/user/address/25 ERROR_SERVER: 
2025-08-17 10:22:18 [error]: ERROR 406 Harap login terlebih dahulu - URL: GET /api/order/tracking?period=today&outletId= ERROR_SERVER: 
2025-08-17 10:22:18 [error]: ERROR 406 Harap login terlebih dahulu - URL: GET /api/order/orders?outletId= ERROR_SERVER: 
2025-08-17 10:22:18 [error]: ERROR 406 Harap login terlebih dahulu - URL: GET /api/order/notification?tab=admin ERROR_SERVER: 
2025-08-17 11:17:40 [error]: ERROR 404 Data outlet belum tersedia - URL: GET /api/store/stores?search=asd&page=1&sort= ERROR_SERVER: 
2025-08-17 11:17:41 [error]: ERROR 404 Data outlet belum tersedia - URL: GET /api/store/stores?search=asd&page=1&sort= ERROR_SERVER: 
2025-08-17 11:17:43 [error]: ERROR 404 Data outlet belum tersedia - URL: GET /api/store/stores?search=asd&page=1&sort= ERROR_SERVER: 
2025-08-17 11:17:47 [error]: ERROR 404 Data outlet belum tersedia - URL: GET /api/store/stores?search=asd&page=1&sort= ERROR_SERVER: 
2025-08-17 11:52:39 [error]: ERROR 404 User admin tidak tersedia - URL: POST /api/auth/worker/login ERROR_SERVER: 
2025-08-17 11:53:08 [error]: ERROR 404 User admin tidak tersedia - URL: POST /api/auth/worker/login ERROR_SERVER: 
2025-08-17 11:53:15 [error]: ERROR 406 Harap login terlebih dahulu - URL: GET /api/order/tracking?period=today ERROR_SERVER: 
2025-08-17 11:53:15 [error]: ERROR 406 Harap login terlebih dahulu - URL: GET /api/order/orders ERROR_SERVER: 
2025-08-17 11:53:15 [error]: ERROR 406 Harap login terlebih dahulu - URL: GET /api/order/notification?tab=admin ERROR_SERVER: 
2025-08-17 12:10:02 [error]: ERROR 401 Harap masukan password yang berbeda - URL: PATCH /api/user/change-password ERROR_SERVER: 
2025-08-17 12:10:21 [error]: ERROR 404 Alamat utama tidak ditemukan - URL: GET /api/order/nearest-store ERROR_SERVER: 
2025-08-17 12:10:21 [error]: ERROR 404 User belum menambahkan alamat - URL: GET /api/user/all-address ERROR_SERVER: 
2025-08-17 12:10:21 [error]: ERROR 500 Alamat utama tidak ditemukan - URL: GET /api/user/main-address ERROR_SERVER: 
2025-08-17 12:10:22 [error]: ERROR 404 Alamat utama tidak ditemukan - URL: GET /api/order/nearest-store ERROR_SERVER: 
2025-08-17 12:10:22 [error]: ERROR 404 User belum menambahkan alamat - URL: GET /api/user/all-address ERROR_SERVER: 
2025-08-17 12:10:22 [error]: ERROR 500 Alamat utama tidak ditemukan - URL: GET /api/user/main-address ERROR_SERVER: 
2025-08-17 12:10:24 [error]: ERROR 404 Alamat utama tidak ditemukan - URL: GET /api/order/nearest-store ERROR_SERVER: 
2025-08-17 12:10:24 [error]: ERROR 500 Alamat utama tidak ditemukan - URL: GET /api/user/main-address ERROR_SERVER: 
2025-08-17 12:10:24 [error]: ERROR 404 User belum menambahkan alamat - URL: GET /api/user/all-address ERROR_SERVER: 
2025-08-17 12:10:28 [error]: ERROR 404 Alamat utama tidak ditemukan - URL: GET /api/order/nearest-store ERROR_SERVER: 
2025-08-17 12:10:32 [error]: ERROR 404 User belum menambahkan alamat - URL: GET /api/user/all-address?search= ERROR_SERVER: 
2025-08-17 12:13:29 [error]: ERROR 406 Harap login terlebih dahulu - URL: GET /api/order/order?tab=AWAITING_DRIVER_PICKUP ERROR_SERVER: 
2025-08-17 12:13:29 [error]: ERROR 406 Harap login terlebih dahulu - URL: GET /api/order/delivery?tab=waiting-driver ERROR_SERVER: 
2025-08-17 12:13:29 [error]: ERROR 406 Harap login terlebih dahulu - URL: GET /api/order/notification?tab=driver ERROR_SERVER: 
2025-08-17 12:14:54 [error]: ERROR 404 User admin tidak tersedia - URL: POST /api/auth/worker/login ERROR_SERVER: 
2025-08-17 12:15:06 [error]: ERROR 406 Harap login terlebih dahulu - URL: GET /api/order/tracking?period=today ERROR_SERVER: 
2025-08-17 12:15:06 [error]: ERROR 406 Harap login terlebih dahulu - URL: GET /api/order/orders ERROR_SERVER: 
2025-08-17 12:15:06 [error]: ERROR 406 Harap login terlebih dahulu - URL: GET /api/order/notification?tab=admin ERROR_SERVER: 
2025-08-17 12:25:05 [error]: ERROR 406 Harap login terlebih dahulu - URL: GET /api/order/orders-detail/ORD02574WNU9426 ERROR_SERVER: 
2025-08-17 13:27:39 [error]: ERROR 406 Harap login terlebih dahulu - URL: GET /api/order/orders-detail/ORD02574WNU9426 ERROR_SERVER: 
2025-08-17 13:28:08 [error]: ERROR 406 Harap login terlebih dahulu - URL: GET /api/order/orders-detail/ORD02574WNU9426 ERROR_SERVER: 
2025-08-17 13:28:51 [error]: ERROR 406 Harap login terlebih dahulu - URL: GET /api/order/orders-detail/ORD02574WNU9426 ERROR_SERVER: 
2025-08-17 13:28:53 [error]: ERROR 406 Harap login terlebih dahulu - URL: GET /api/order/orders-detail/ORD02574WNU9426 ERROR_SERVER: 
2025-08-17 13:30:53 [error]: ERROR 406 Harap login terlebih dahulu - URL: GET /api/order/orders-detail/ORD02574WNU9426 ERROR_SERVER: 
2025-08-17 13:31:14 [error]: ERROR 406 Harap login terlebih dahulu - URL: GET /api/order/order?tab=AWAITING_DRIVER_PICKUP ERROR_SERVER: 
2025-08-17 13:31:14 [error]: ERROR 406 Harap login terlebih dahulu - URL: GET /api/order/delivery?tab=waiting-driver ERROR_SERVER: 
2025-08-17 13:31:15 [error]: ERROR 406 Harap login terlebih dahulu - URL: GET /api/order/notification?tab=driver ERROR_SERVER: 
2025-08-17 13:31:30 [error]: ERROR 406 Harap login terlebih dahulu - URL: GET /api/order/tracking?period=today ERROR_SERVER: 
2025-08-17 13:31:30 [error]: ERROR 406 Harap login terlebih dahulu - URL: GET /api/order/orders ERROR_SERVER: 
2025-08-17 13:31:30 [error]: ERROR 406 Harap login terlebih dahulu - URL: GET /api/order/notification?tab=admin ERROR_SERVER: 
2025-08-17 13:31:56 [error]: ERROR 400 Transaksi Gagal! - URL: POST /api/webhook/midtrans ERROR_SERVER: 
2025-08-17 13:32:20 [error]: ERROR 406 Harap login terlebih dahulu - URL: GET /api/order/orders-detail/ORD0257POIL1072 ERROR_SERVER: 
2025-08-17 13:32:25 [error]: ERROR 406 Harap login terlebih dahulu - URL: GET /api/order/orders-detail/ORD0257POIL1072 ERROR_SERVER: 
2025-08-17 13:33:17 [error]: ERROR 400 Transaksi Gagal! - URL: POST /api/webhook/midtrans ERROR_SERVER: 
2025-08-17 13:37:46 [error]: ERROR 404 Transaksi tidak tersedia - URL: POST /api/webhook/midtrans ERROR_SERVER: 
2025-08-17 13:38:14 [error]: ERROR 406 Harap login terlebih dahulu - URL: GET /api/order/orders-detail/ORD0257POIL1072 ERROR_SERVER: 
2025-08-17 13:38:57 [error]: ERROR 406 Harap login terlebih dahulu - URL: GET /api/order/order?tab=AWAITING_DRIVER_PICKUP ERROR_SERVER: 
2025-08-17 13:38:57 [error]: ERROR 406 Harap login terlebih dahulu - URL: GET /api/order/delivery?tab=waiting-driver ERROR_SERVER: 
2025-08-17 13:38:57 [error]: ERROR 406 Harap login terlebih dahulu - URL: GET /api/order/notification?tab=driver ERROR_SERVER: 
2025-08-17 13:39:19 [error]: ERROR 406 Harap login terlebih dahulu - URL: GET /api/order/tracking?period=today ERROR_SERVER: 
2025-08-17 13:39:19 [error]: ERROR 406 Harap login terlebih dahulu - URL: GET /api/order/orders ERROR_SERVER: 
2025-08-17 13:39:19 [error]: ERROR 406 Harap login terlebih dahulu - URL: GET /api/order/notification?tab=admin ERROR_SERVER: 
2025-08-17 13:39:50 [error]: ERROR 400 Transaksi Gagal! - URL: POST /api/webhook/midtrans ERROR_SERVER: 
2025-08-17 13:39:59 [error]: ERROR 404 Transaksi tidak tersedia - URL: POST /api/webhook/midtrans ERROR_SERVER: 
2025-08-17 13:42:06 [error]: ERROR 400 Transaksi Gagal! - URL: POST /api/webhook/midtrans ERROR_SERVER: 
2025-08-17 13:43:23 [error]: ERROR 406 Harap login terlebih dahulu - URL: GET /api/order/orders-detail/ORD0257RCA83160 ERROR_SERVER: 
2025-08-17 13:45:11 [error]: ERROR 404 Transaksi tidak tersedia - URL: POST /api/webhook/midtrans ERROR_SERVER: 
2025-08-17 13:47:39 [error]: ERROR 400 Transaksi Gagal! - URL: POST /api/webhook/midtrans ERROR_SERVER: 
2025-08-17 14:04:42 [error]: ERROR 404 Transaksi tidak tersedia - URL: POST /api/webhook/midtrans ERROR_SERVER: 
2025-08-17 14:05:14 [error]: ERROR 406 Harap login terlebih dahulu - URL: GET /api/order/order?tab=AWAITING_DRIVER_PICKUP ERROR_SERVER: 
2025-08-17 14:05:14 [error]: ERROR 406 Harap login terlebih dahulu - URL: GET /api/order/delivery?tab=waiting-driver ERROR_SERVER: 
2025-08-17 14:05:14 [error]: ERROR 406 Harap login terlebih dahulu - URL: GET /api/order/notification?tab=driver ERROR_SERVER: 
2025-08-17 14:05:42 [error]: ERROR 406 Harap login terlebih dahulu - URL: GET /api/order/order?tab=AWAITING_DRIVER_PICKUP ERROR_SERVER: 
2025-08-17 14:05:42 [error]: ERROR 406 Harap login terlebih dahulu - URL: GET /api/order/delivery?tab=waiting-driver ERROR_SERVER: 
2025-08-17 14:05:42 [error]: ERROR 406 Harap login terlebih dahulu - URL: GET /api/order/notification?tab=driver ERROR_SERVER: 
2025-08-17 14:06:15 [error]: ERROR 406 Harap login terlebih dahulu - URL: GET /api/order/tracking?period=today ERROR_SERVER: 
2025-08-17 14:06:15 [error]: ERROR 406 Harap login terlebih dahulu - URL: GET /api/order/orders ERROR_SERVER: 
2025-08-17 14:06:15 [error]: ERROR 406 Harap login terlebih dahulu - URL: GET /api/order/notification?tab=admin ERROR_SERVER: 
2025-08-17 14:06:39 [error]: ERROR 406 Harap login terlebih dahulu - URL: GET /api/order/orders-detail/ORD0257CLI49735 ERROR_SERVER: 
2025-08-17 14:06:47 [error]: ERROR 404 Transaksi tidak tersedia - URL: POST /api/webhook/midtrans ERROR_SERVER: 
2025-08-17 14:09:15 [error]: ERROR 404 Transaksi tidak tersedia - URL: POST /api/webhook/midtrans ERROR_SERVER: 
2025-08-17 14:10:22 [error]: ERROR 406 Harap login terlebih dahulu - URL: GET /api/order/orders-detail/ORD0257CLI49735 ERROR_SERVER: 
2025-08-17 14:11:52 [error]: ERROR 406 Harap login terlebih dahulu - URL: GET /api/order/orders-detail/ORD0257CLI49735 ERROR_SERVER: 
2025-08-17 14:20:07 [error]: ERROR 404 User admin tidak tersedia - URL: POST /api/auth/worker/login ERROR_SERVER: 
2025-08-17 14:20:15 [error]: ERROR 406 Harap login terlebih dahulu - URL: GET /api/order/order-packing?tab=packing-process ERROR_SERVER: 
2025-08-17 14:20:15 [error]: ERROR 406 Harap login terlebih dahulu - URL: GET /api/order/order-packing?tab=not-packed-yet ERROR_SERVER: 
2025-08-17 14:21:30 [error]: ERROR 406 Harap login terlebih dahulu - URL: GET /api/order/order-ironing?tab=proses-setrika ERROR_SERVER: 
2025-08-17 14:21:30 [error]: ERROR 406 Harap login terlebih dahulu - URL: GET /api/order/order-ironing?tab=belum-disetrika ERROR_SERVER: 
2025-08-17 14:22:09 [error]: ERROR 406 Harap login terlebih dahulu - URL: GET /api/order/tracking?period=today ERROR_SERVER: 
2025-08-17 14:22:09 [error]: ERROR 406 Harap login terlebih dahulu - URL: GET /api/order/orders ERROR_SERVER: 
2025-08-17 14:22:09 [error]: ERROR 406 Harap login terlebih dahulu - URL: GET /api/order/notification?tab=admin ERROR_SERVER: 
2025-08-17 14:22:36 [error]: ERROR 406 Harap login terlebih dahulu - URL: GET /api/order/order-ironing?tab=proses-setrika ERROR_SERVER: 
2025-08-17 14:22:36 [error]: ERROR 406 Harap login terlebih dahulu - URL: GET /api/order/order-ironing?tab=belum-disetrika ERROR_SERVER: 
2025-08-17 14:23:12 [error]: ERROR 406 Harap login terlebih dahulu - URL: GET /api/order/tracking?period=today ERROR_SERVER: 
2025-08-17 14:23:12 [error]: ERROR 406 Harap login terlebih dahulu - URL: GET /api/order/orders ERROR_SERVER: 
2025-08-17 14:23:12 [error]: ERROR 406 Harap login terlebih dahulu - URL: GET /api/order/notification?tab=admin ERROR_SERVER: 
2025-08-17 14:23:23 [error]: ERROR 406 Harap login terlebih dahulu - URL: GET /api/order/order?tab=AWAITING_DRIVER_PICKUP ERROR_SERVER: 
2025-08-17 14:23:23 [error]: ERROR 406 Harap login terlebih dahulu - URL: GET /api/order/delivery?tab=waiting-driver ERROR_SERVER: 
2025-08-17 14:23:23 [error]: ERROR 406 Harap login terlebih dahulu - URL: GET /api/order/notification?tab=driver ERROR_SERVER: 
2025-08-17 14:24:06 [error]: ERROR 401 Password anda salah! - URL: POST /api/auth/worker/login ERROR_SERVER: 
2025-08-17 14:24:08 [error]: ERROR 406 Harap login terlebih dahulu - URL: GET /api/order/order?tab=AWAITING_DRIVER_PICKUP ERROR_SERVER: 
2025-08-17 14:24:08 [error]: ERROR 406 Harap login terlebih dahulu - URL: GET /api/order/delivery?tab=waiting-driver ERROR_SERVER: 
2025-08-17 14:24:08 [error]: ERROR 406 Harap login terlebih dahulu - URL: GET /api/order/notification?tab=driver ERROR_SERVER: 
2025-08-17 14:25:24 [error]: ERROR 401 Password anda salah! - URL: POST /api//auth/user/login ERROR_SERVER: 
